2024-05-30 03:53:55
15  0      0  61488   3468  54072    0    0 189912    36 2614 3022  2 48 10 40  0
Memory Usage: 762/878MB (86.79%)
Disk Usage: 5/9GB (59%)
-----------------------
2024-05-30 04:00:01
14  0      0  62112   2956  49540    0    0 149788     0 1874 3492  0 51 17 32  0
Memory Usage: 767/878MB (87.36%)
Disk Usage: 5/9GB (59%)
-----------------------
2024-05-30 04:01:22
%Cpu(s):  0.0 us, 41.7 sy,  0.0 ni,  0.0 id, 50.0 wa,  0.0 hi,  8.3 si,  0.0 st
12  0      0  61300   3852  50004    0    0 202160    44 2530 4310  1 45  0 54  0
Memory Usage: 766/878MB (87.24%)
Disk Usage: 5/9GB (59%)
-----------------------
2024-05-30 04:10:01
%Cpu(s):  0.0 us, 31.2 sy,  0.0 ni,  0.0 id, 68.8 wa,  0.0 hi,  0.0 si,  0.0 st
13  0      0  61372   3060  45928    0    0 155184   192 2141 3914  1 49 20 30  0
Memory Usage: 770/878MB (87.70%)
Disk Usage: 5/9GB (59%)
-----------------------
2024-05-30 04:20:01
%Cpu(s):  0.0 us, 44.4 sy,  0.0 ni, 33.3 id, 22.2 wa,  0.0 hi,  0.0 si,  0.0 st
 1  2      0  61980   2408  43548    0    0 138192    52 1652 3202  1 49 30 20  0
Memory Usage: 772/878MB (87.93%)
Disk Usage: 5/9GB (59%)
-----------------------
2024-05-30 04:30:01
%Cpu(s): 10.0 us, 60.0 sy,  0.0 ni,  0.0 id, 30.0 wa,  0.0 hi,  0.0 si,  0.0 st
 8  0      0  62720    976  36996    0    0 162216   184 2143 3755  1 53 25 21  0
Memory Usage: 780/878MB (88.84%)
Disk Usage: 5/9GB (59%)
-----------------------
